{"level":"\u001b[32minfo\u001b[39m","message":"{\"method\":\"POST\",\"url\":\"/auth/login\",\"status\":\"200\",\"responseTime\":\"118.853\"}","timestamp":"2024-10-07T11:04:53.641Z"}
{"level":"\u001b[32minfo\u001b[39m","message":"{\"method\":\"GET\",\"url\":\"/auth/google\",\"status\":\"302\",\"responseTime\":\"2.410\"}","timestamp":"2024-10-07T11:05:21.901Z"}
{"level":"\u001b[32minfo\u001b[39m","message":"{\"method\":\"GET\",\"url\":\"/auth/google/callback?code=4%2F0AVG7fiTYkNvATGfXAv5l1PSzei2hsFiC5e8Q7qyaTZkaAxU1yOS5J0S7wByC4izo5O1VSg&scope=email+profile+openid+https%3A%2F%2Fwww.googleapis.com%2Fauth%2Fuserinfo.email+https%3A%2F%2Fwww.googleapis.com%2Fauth%2Fuserinfo.profile&authuser=0&hd=argusoft.in&prompt=none\",\"status\":\"302\",\"responseTime\":\"766.868\"}","timestamp":"2024-10-07T11:05:23.675Z"}
{"level":"\u001b[32minfo\u001b[39m","message":"{\"method\":\"GET\",\"url\":\"/protected\",\"status\":\"304\",\"responseTime\":\"5.979\"}","timestamp":"2024-10-07T11:05:23.701Z"}
{"level":"\u001b[32minfo\u001b[39m","message":"{\"method\":\"GET\",\"url\":\"/auth/google\",\"status\":\"302\",\"responseTime\":\"2.050\"}","timestamp":"2024-10-07T11:08:17.862Z"}
{"level":"\u001b[32minfo\u001b[39m","message":"{\"method\":\"GET\",\"url\":\"/auth/google/callback?code=4%2F0AVG7fiS9ZYtUQPR4ZdoOjRsZFwboZ7iVj7Ytm9M3H5dbtv1DXrqb_xcyMekyVx6s8ZphcA&scope=email+profile+openid+https%3A%2F%2Fwww.googleapis.com%2Fauth%2Fuserinfo.profile+https%3A%2F%2Fwww.googleapis.com%2Fauth%2Fuserinfo.email&authuser=0&hd=argusoft.in&prompt=none\",\"status\":\"302\",\"responseTime\":\"638.435\"}","timestamp":"2024-10-07T11:08:19.431Z"}
{"level":"\u001b[32minfo\u001b[39m","message":"{\"method\":\"GET\",\"url\":\"/protected\",\"status\":\"304\",\"responseTime\":\"8.045\"}","timestamp":"2024-10-07T11:08:19.458Z"}
{"level":"\u001b[32minfo\u001b[39m","message":"{\"method\":\"GET\",\"url\":\"/auth/google\",\"status\":\"302\",\"responseTime\":\"2.133\"}","timestamp":"2024-10-07T11:09:16.629Z"}
{"level":"\u001b[32minfo\u001b[39m","message":"{\"method\":\"GET\",\"url\":\"/auth/google/callback?code=4%2F0AVG7fiRMIAzf_zuUIP2ol25CKr8uwl6gD4UL0SKSKj27QWHnTsPVmQYExidjSZZlSdnOvw&scope=email+profile+openid+https%3A%2F%2Fwww.googleapis.com%2Fauth%2Fuserinfo.profile+https%3A%2F%2Fwww.googleapis.com%2Fauth%2Fuserinfo.email&authuser=0&hd=argusoft.in&prompt=none\",\"status\":\"302\",\"responseTime\":\"666.472\"}","timestamp":"2024-10-07T11:09:18.194Z"}
{"level":"\u001b[32minfo\u001b[39m","message":"{\"method\":\"GET\",\"url\":\"/auth/google\",\"status\":\"302\",\"responseTime\":\"3.144\"}","timestamp":"2024-10-07T11:09:23.133Z"}
{"level":"\u001b[32minfo\u001b[39m","message":"{\"method\":\"GET\",\"url\":\"/auth/google/callback?code=4%2F0AVG7fiRDdTvHzOUGRVPkVOPp-1XoCQZMs3PmEYCJmHXs7NSVZz60V6XMx6USo8qk4FWKvA&scope=email+profile+openid+https%3A%2F%2Fwww.googleapis.com%2Fauth%2Fuserinfo.email+https%3A%2F%2Fwww.googleapis.com%2Fauth%2Fuserinfo.profile&authuser=0&hd=argusoft.in&prompt=none\",\"status\":\"302\",\"responseTime\":\"482.949\"}","timestamp":"2024-10-07T11:09:24.516Z"}
{"level":"\u001b[32minfo\u001b[39m","message":"{\"method\":\"GET\",\"url\":\"/auth/google\",\"status\":\"302\",\"responseTime\":\"0.602\"}","timestamp":"2024-10-07T11:10:03.549Z"}
{"level":"\u001b[32minfo\u001b[39m","message":"{\"method\":\"GET\",\"url\":\"/auth/google/callback?code=4%2F0AVG7fiQULoaYFRv1ltvYTz1L3Fz2WciH-HVOACvuOEMedzE6lnm8oGMYIKTXp_QdVsJEqA&scope=email+profile+https%3A%2F%2Fwww.googleapis.com%2Fauth%2Fuserinfo.email+https%3A%2F%2Fwww.googleapis.com%2Fauth%2Fuserinfo.profile+openid&authuser=0&hd=argusoft.in&prompt=none\",\"status\":\"302\",\"responseTime\":\"509.524\"}","timestamp":"2024-10-07T11:10:04.876Z"}
{"level":"\u001b[32minfo\u001b[39m","message":"{\"method\":\"GET\",\"url\":\"/auth/google\",\"status\":\"302\",\"responseTime\":\"2.314\"}","timestamp":"2024-10-07T11:10:20.615Z"}
{"level":"\u001b[32minfo\u001b[39m","message":"{\"method\":\"GET\",\"url\":\"/auth/google/callback?code=4%2F0AVG7fiTp4AcowRXaA0MKNX9fs1OdaQe833glxlprad5X2GmEjisJV9yArqBPuF4CcGg36g&scope=email+profile+https%3A%2F%2Fwww.googleapis.com%2Fauth%2Fuserinfo.email+https%3A%2F%2Fwww.googleapis.com%2Fauth%2Fuserinfo.profile+openid&authuser=0&hd=argusoft.in&prompt=none\",\"status\":\"302\",\"responseTime\":\"584.062\"}","timestamp":"2024-10-07T11:10:22.047Z"}
{"level":"\u001b[32minfo\u001b[39m","message":"{\"method\":\"GET\",\"url\":\"/auth/google\",\"status\":\"302\",\"responseTime\":\"2.441\"}","timestamp":"2024-10-07T11:19:41.226Z"}
{"level":"\u001b[32minfo\u001b[39m","message":"{\"method\":\"GET\",\"url\":\"/auth/google/callback?code=4%2F0AVG7fiSSPtOBWB8ivh3E_DEYfcqbNQQBDjHXkm-9jAkRlxpjRE9qvT2E5WHFlcaSs1K7ew&scope=email+profile+https%3A%2F%2Fwww.googleapis.com%2Fauth%2Fuserinfo.email+https%3A%2F%2Fwww.googleapis.com%2Fauth%2Fuserinfo.profile+openid&authuser=0&hd=argusoft.in&prompt=none\",\"status\":\"200\",\"responseTime\":\"713.331\"}","timestamp":"2024-10-07T11:19:42.825Z"}
{"level":"\u001b[32minfo\u001b[39m","message":"{\"method\":\"GET\",\"url\":\"/auth/google/callback?code=4%2F0AVG7fiSSPtOBWB8ivh3E_DEYfcqbNQQBDjHXkm-9jAkRlxpjRE9qvT2E5WHFlcaSs1K7ew&scope=email+profile+https%3A%2F%2Fwww.googleapis.com%2Fauth%2Fuserinfo.email+https%3A%2F%2Fwww.googleapis.com%2Fauth%2Fuserinfo.profile+openid&authuser=0&hd=argusoft.in&prompt=none\",\"status\":\"500\",\"responseTime\":\"249.529\"}","timestamp":"2024-10-07T11:21:01.539Z"}
{"level":"\u001b[32minfo\u001b[39m","message":"{\"method\":\"GET\",\"url\":\"/auth/google\",\"status\":\"302\",\"responseTime\":\"2.172\"}","timestamp":"2024-10-07T11:21:10.211Z"}
{"level":"\u001b[32minfo\u001b[39m","message":"{\"method\":\"GET\",\"url\":\"/auth/google/callback?code=4%2F0AVG7fiRtjdNtrBHG0bOdhFhP3tr6c_ru7rzRNRSaz1jJk5vqa_QlcMLl7RAWQDFwVzvH5g&scope=email+profile+https%3A%2F%2Fwww.googleapis.com%2Fauth%2Fuserinfo.email+https%3A%2F%2Fwww.googleapis.com%2Fauth%2Fuserinfo.profile+openid&authuser=0&hd=argusoft.in&prompt=none\",\"status\":\"200\",\"responseTime\":\"474.254\"}","timestamp":"2024-10-07T11:21:11.661Z"}
{"level":"\u001b[32minfo\u001b[39m","message":"{\"method\":\"GET\",\"url\":\"/protected\",\"status\":\"304\",\"responseTime\":\"0.436\"}","timestamp":"2024-10-07T11:26:43.834Z"}
{"level":"\u001b[32minfo\u001b[39m","message":"{\"method\":\"GET\",\"url\":\"/auth/google\",\"status\":\"302\",\"responseTime\":\"5.252\"}","timestamp":"2024-10-07T12:06:41.039Z"}
{"level":"\u001b[32minfo\u001b[39m","message":"{\"method\":\"GET\",\"url\":\"/auth/google/callback?code=4%2F0AVG7fiTxX1Zz05onwMpEJtuff_XftvTCZFN1ZWr2e7N_pXzEs4kHakYFiBc-z0TLxDg7zA&scope=email+profile+https%3A%2F%2Fwww.googleapis.com%2Fauth%2Fuserinfo.email+https%3A%2F%2Fwww.googleapis.com%2Fauth%2Fuserinfo.profile+openid&authuser=0&hd=argusoft.in&prompt=none\",\"status\":\"302\",\"responseTime\":\"918.679\"}","timestamp":"2024-10-07T12:06:42.930Z"}
{"level":"\u001b[32minfo\u001b[39m","message":"{\"method\":\"GET\",\"url\":\"/auth/google\",\"status\":\"302\",\"responseTime\":\"0.444\"}","timestamp":"2024-10-07T12:07:47.795Z"}
{"level":"\u001b[32minfo\u001b[39m","message":"{\"method\":\"GET\",\"url\":\"/auth/google\",\"status\":\"302\",\"responseTime\":\"0.694\"}","timestamp":"2024-10-07T12:08:32.940Z"}
{"level":"\u001b[32minfo\u001b[39m","message":"{\"method\":\"GET\",\"url\":\"/auth/google/callback?code=4%2F0AVG7fiSWaIQotOgVt0RozvfDu4ZTtPHzChiCoUO7--eNQRqsBpWEEHa4NvCipah00CPEhA&scope=email+profile+openid+https%3A%2F%2Fwww.googleapis.com%2Fauth%2Fuserinfo.profile+https%3A%2F%2Fwww.googleapis.com%2Fauth%2Fuserinfo.email&authuser=0&hd=argusoft.in&prompt=none\",\"status\":\"302\",\"responseTime\":\"481.839\"}","timestamp":"2024-10-07T12:08:34.407Z"}
{"level":"\u001b[32minfo\u001b[39m","message":"{\"method\":\"GET\",\"url\":\"/auth/google\",\"status\":\"302\",\"responseTime\":\"2.712\"}","timestamp":"2024-10-07T12:08:53.673Z"}
{"level":"\u001b[32minfo\u001b[39m","message":"{\"method\":\"GET\",\"url\":\"/auth/google/callback?code=4%2F0AVG7fiSNicGzAh0kNLJT2EzJSgg4TOaxgFJwZpBX00MpFUsdH1d9ZBRzOdDI43t212oYYA&scope=email+profile+https%3A%2F%2Fwww.googleapis.com%2Fauth%2Fuserinfo.email+https%3A%2F%2Fwww.googleapis.com%2Fauth%2Fuserinfo.profile+openid&authuser=0&hd=argusoft.in&prompt=none\",\"status\":\"302\",\"responseTime\":\"563.785\"}","timestamp":"2024-10-07T12:08:55.133Z"}
{"level":"\u001b[32minfo\u001b[39m","message":"{\"method\":\"GET\",\"url\":\"/auth/google\",\"status\":\"302\",\"responseTime\":\"2.139\"}","timestamp":"2024-10-07T12:12:49.465Z"}
{"level":"\u001b[32minfo\u001b[39m","message":"{\"method\":\"GET\",\"url\":\"/auth/google\",\"status\":\"302\",\"responseTime\":\"1.699\"}","timestamp":"2024-10-07T12:12:56.084Z"}
{"level":"\u001b[32minfo\u001b[39m","message":"{\"method\":\"GET\",\"url\":\"/auth/google\",\"status\":\"302\",\"responseTime\":\"2.059\"}","timestamp":"2024-10-07T12:13:53.164Z"}
{"level":"\u001b[32minfo\u001b[39m","message":"{\"method\":\"GET\",\"url\":\"/auth/google\",\"status\":\"302\",\"responseTime\":\"1.004\"}","timestamp":"2024-10-07T12:14:20.996Z"}
{"level":"\u001b[32minfo\u001b[39m","message":"{\"method\":\"GET\",\"url\":\"/auth/google\",\"status\":\"302\",\"responseTime\":\"0.379\"}","timestamp":"2024-10-07T12:14:51.012Z"}
{"level":"\u001b[32minfo\u001b[39m","message":"{\"method\":\"GET\",\"url\":\"/auth/google\",\"status\":\"302\",\"responseTime\":\"0.510\"}","timestamp":"2024-10-07T12:15:09.203Z"}
{"level":"\u001b[32minfo\u001b[39m","message":"{\"method\":\"GET\",\"url\":\"/auth/google\",\"status\":\"302\",\"responseTime\":\"0.492\"}","timestamp":"2024-10-07T12:15:09.208Z"}
{"level":"\u001b[32minfo\u001b[39m","message":"{\"method\":\"GET\",\"url\":\"/auth/google\",\"status\":\"302\",\"responseTime\":\"0.679\"}","timestamp":"2024-10-07T12:15:48.717Z"}
{"level":"\u001b[32minfo\u001b[39m","message":"{\"method\":\"GET\",\"url\":\"/auth/google\",\"status\":\"302\",\"responseTime\":\"0.311\"}","timestamp":"2024-10-07T12:18:12.796Z"}
{"level":"\u001b[32minfo\u001b[39m","message":"{\"method\":\"GET\",\"url\":\"/auth/google\",\"status\":\"302\",\"responseTime\":\"3.523\"}","timestamp":"2024-10-07T12:18:47.440Z"}
{"level":"\u001b[32minfo\u001b[39m","message":"{\"method\":\"GET\",\"url\":\"/auth/google/callback?code=4%2F0AVG7fiTCZcKasE46DRxmPxHeOWiDV3dVSLYwYMv8qNgXPSqYeeI3TM0C9Ae0qbflVVHzMA&scope=email+profile+openid+https%3A%2F%2Fwww.googleapis.com%2Fauth%2Fuserinfo.profile+https%3A%2F%2Fwww.googleapis.com%2Fauth%2Fuserinfo.email&authuser=0&hd=argusoft.in&prompt=consent\",\"status\":\"302\",\"responseTime\":\"645.058\"}","timestamp":"2024-10-07T12:18:56.212Z"}
{"level":"\u001b[32minfo\u001b[39m","message":"{\"method\":\"GET\",\"url\":\"/auth/google\",\"status\":\"302\",\"responseTime\":\"12.403\"}","timestamp":"2024-10-07T12:41:42.035Z"}
{"level":"\u001b[32minfo\u001b[39m","message":"{\"method\":\"GET\",\"url\":\"/auth/google/callback?code=4%2F0AVG7fiRrMSy8Lhx2P9n94cc37ojRQ8Fa78UBN-Ke8GkJ0GLe9TT6dSPnLSO84cznBHMIMA&scope=email+profile+openid+https%3A%2F%2Fwww.googleapis.com%2Fauth%2Fuserinfo.profile+https%3A%2F%2Fwww.googleapis.com%2Fauth%2Fuserinfo.email&authuser=0&hd=argusoft.in&prompt=none\",\"status\":\"302\",\"responseTime\":\"827.729\"}","timestamp":"2024-10-07T12:41:43.737Z"}
{"level":"\u001b[32minfo\u001b[39m","message":"{\"method\":\"GET\",\"url\":\"/auth/google\",\"status\":\"302\",\"responseTime\":\"6.300\"}","timestamp":"2024-10-07T12:46:01.430Z"}
{"level":"\u001b[32minfo\u001b[39m","message":"{\"method\":\"GET\",\"url\":\"/auth/google\",\"status\":\"302\",\"responseTime\":\"6.648\"}","timestamp":"2024-10-07T12:46:41.105Z"}
{"level":"\u001b[32minfo\u001b[39m","message":"{\"method\":\"GET\",\"url\":\"/auth/google/callback?code=4%2F0AVG7fiSGrwLrGF4D_V3WJZjL2GGSccxFz3zYaILxZTs6Bb06Wr_bv1wkR6TdcPcBAf8H4g&scope=email+profile+openid+https%3A%2F%2Fwww.googleapis.com%2Fauth%2Fuserinfo.email+https%3A%2F%2Fwww.googleapis.com%2Fauth%2Fuserinfo.profile&authuser=0&hd=argusoft.in&prompt=none\",\"status\":\"500\",\"responseTime\":\"400.603\"}","timestamp":"2024-10-07T12:47:19.266Z"}
{"level":"\u001b[32minfo\u001b[39m","message":"{\"method\":\"GET\",\"url\":\"/auth/google\",\"status\":\"302\",\"responseTime\":\"6.801\"}","timestamp":"2024-10-07T12:47:51.786Z"}
{"level":"\u001b[32minfo\u001b[39m","message":"{\"method\":\"GET\",\"url\":\"/auth/google/callback?code=4%2F0AVG7fiSDsu8lzTO-4LyeJUVgTX7eOTEE0uxl8hKjsCMipmBa44mix2F_ExOEBs5sCNlthA&scope=email+profile+https%3A%2F%2Fwww.googleapis.com%2Fauth%2Fuserinfo.email+https%3A%2F%2Fwww.googleapis.com%2Fauth%2Fuserinfo.profile+openid&authuser=0&hd=argusoft.in&prompt=none\",\"status\":\"200\",\"responseTime\":\"740.596\"}","timestamp":"2024-10-07T12:47:53.402Z"}
{"level":"\u001b[32minfo\u001b[39m","message":"{\"method\":\"GET\",\"url\":\"/auth/google\",\"status\":\"302\",\"responseTime\":\"2.440\"}","timestamp":"2024-10-07T12:48:23.118Z"}
{"level":"\u001b[32minfo\u001b[39m","message":"{\"method\":\"GET\",\"url\":\"/auth/google/callback?code=4%2F0AVG7fiSnOp8MEe_AoTExwg-muV_gTzuNKseWWTjsSi6e_hTVpBgdhpzafk1s--h7euofOQ&scope=email+profile+https%3A%2F%2Fwww.googleapis.com%2Fauth%2Fuserinfo.email+https%3A%2F%2Fwww.googleapis.com%2Fauth%2Fuserinfo.profile+openid&authuser=0&hd=argusoft.in&prompt=none\",\"status\":\"302\",\"responseTime\":\"580.096\"}","timestamp":"2024-10-07T12:48:24.592Z"}
{"level":"\u001b[32minfo\u001b[39m","message":"{\"method\":\"GET\",\"url\":\"/auth/google\",\"status\":\"302\",\"responseTime\":\"0.378\"}","timestamp":"2024-10-07T12:48:42.569Z"}
